<?xml version="1.0" encoding="UTF-8"?>
<!-- Generated by org.testng.reporters.JUnitReportReporter -->
<testsuite skipped="0" hostname="Gauravs-MacBook-Pro.local" name="KettoAutomation.KettoTest" tests="2" failures="0" timestamp="05 Apr 2020 09:03:48 GMT" time="13.792" errors="0">
  <testcase name="createFundRaiserNGO" time="7.098" classname="KettoAutomation.KettoTest"/>
  <testcase name="createFundRaiserMedicalTreatment" time="6.694" classname="KettoAutomation.KettoTest"/>
</testsuite> <!-- KettoAutomation.KettoTest -->
